#
# There is insufficient memory for the Java Runtime Environment to continue.
# Native memory allocation (malloc) failed to allocate 2410416 bytes for Chunk::new
# Possible reasons:
#   The system is out of physical RAM or swap space
#   The process is running with CompressedOops enabled, and the Java Heap may be blocking the growth of the native heap
# Possible solutions:
#   Reduce memory load on the system
#   Increase physical memory or swap space
#   Check if swap backing store is full
#   Decrease Java heap size (-Xmx/-Xms)
#   Decrease number of Java threads
#   Decrease Java thread stack sizes (-Xss)
#   Set larger code cache with -XX:ReservedCodeCacheSize=
#   JVM is running with Unscaled Compressed Oops mode in which the Java heap is
#     placed in the first 4GB address space. The Java Heap base address is the
#     maximum limit for the native heap growth. Please use -XX:HeapBaseMinAddress
#     to set the Java Heap base and to place the Java Heap above 4GB virtual address.
# This output file may be truncated or incomplete.
#
#  Out of Memory Error (t:/workspace/open/src/hotspot/share/memory/arena.cpp:197), pid=13824, tid=9500
#
# JRE version: Java(TM) SE Runtime Environment (11.0+28) (build 11+28)
# Java VM: Java HotSpot(TM) 64-Bit Server VM (11+28, mixed mode, tiered, compressed oops, g1 gc, windows-amd64)
# No core dump will be written. Minidumps are not enabled by default on client versions of Windows
#

---------------  S U M M A R Y ------------

Command Line: -javaagent:G:\ITI\intellji\community version\IntelliJ IDEA Community Edition 2021.3.2\lib\idea_rt.jar=58750:G:\ITI\intellji\community version\IntelliJ IDEA Community Edition 2021.3.2\bin -Dfile.encoding=UTF-8 com.example.main.WuzzufJobsAnalysisApplication

Host: Intel(R) Core(TM) i5-4310U CPU @ 2.00GHz, 4 cores, 7G,  Windows 10 , 64 bit Build 19041 (10.0.19041.1503)
Time: Sat Mar  5 23:23:45 2022 Egypt Standard Time elapsed time: 22 seconds (0d 0h 0m 22s)

---------------  T H R E A D  ---------------

Current thread (0x0000021bf5108800):  JavaThread "C2 CompilerThread1" daemon [_thread_in_native, id=9500, stack(0x0000006a44300000,0x0000006a44400000)]


Current CompileTask:
C2:  22893 6748       4       org.apache.xbean.asm7.ClassReader::readCode (5089 bytes)

Stack: [0x0000006a44300000,0x0000006a44400000]
Native frames: (J=compiled Java code, j=interpreted, Vv=VM code, C=native code)
V  [jvm.dll+0x63c22a]
V  [jvm.dll+0x7797ef]
V  [jvm.dll+0x77adda]
V  [jvm.dll+0x77b493]
V  [jvm.dll+0x262818]
V  [jvm.dll+0xc5c71]
V  [jvm.dll+0xc61fc]
V  [jvm.dll+0x36f8e2]
V  [jvm.dll+0x33c6d3]
V  [jvm.dll+0x33baaa]
V  [jvm.dll+0x21c7e5]
V  [jvm.dll+0x21b98a]
V  [jvm.dll+0x198390]
V  [jvm.dll+0x22a99f]
V  [jvm.dll+0x228fb8]
V  [jvm.dll+0x73f04d]
V  [jvm.dll+0x63b2c2]
C  [ucrtbase.dll+0x21bb2]
C  [KERNEL32.DLL+0x17034]
C  [ntdll.dll+0x52651]


---------------  P R O C E S S  ---------------

Threads class SMR info:
_java_thread_list=0x0000021bf51d3370, length=51, elements={
0x0000021bcffb1000, 0x0000021bee328800, 0x0000021bee32c000, 0x0000021beeca1800,
0x0000021beeca2800, 0x0000021bee346000, 0x0000021beec5c800, 0x0000021beecf4000,
0x0000021bee2b7800, 0x0000021bef4a4800, 0x0000021bef4f6000, 0x0000021beffce800,
0x0000021bf2bb5800, 0x0000021bf0e69800, 0x0000021bf17bd800, 0x0000021bf2a37000,
0x0000021bf2a38000, 0x0000021bf0401800, 0x0000021bf0402800, 0x0000021bf17a1000,
0x0000021befc77800, 0x0000021befc79800, 0x0000021befc7b000, 0x0000021befc7a000,
0x0000021befc7c000, 0x0000021befc7e800, 0x0000021befc7d800, 0x0000021befc7c800,
0x0000021befc78800, 0x0000021bf027e800, 0x0000021bf027e000, 0x0000021bf0282000,
0x0000021bf027d000, 0x0000021bf027c800, 0x0000021bf0281000, 0x0000021bf0280800,
0x0000021bf0283000, 0x0000021bf027f800, 0x0000021bf069e800, 0x0000021bf069d800,
0x0000021bf06a0000, 0x0000021bf069a000, 0x0000021bf069f000, 0x0000021bf06a1000,
0x0000021bf069b000, 0x0000021bf06a1800, 0x0000021bf069c800, 0x0000021bf06a3000,
0x0000021bf5108800, 0x0000021bf06a4000, 0x0000021bf06a7800
}

Java Threads: ( => current thread )
  0x0000021bcffb1000 JavaThread "main" [_thread_in_vm, id=9996, stack(0x0000006a40a00000,0x0000006a40b00000)]
  0x0000021bee328800 JavaThread "Reference Handler" daemon [_thread_blocked, id=11284, stack(0x0000006a41100000,0x0000006a41200000)]
  0x0000021bee32c000 JavaThread "Finalizer" daemon [_thread_blocked, id=14240, stack(0x0000006a41200000,0x0000006a41300000)]
  0x0000021beeca1800 JavaThread "Signal Dispatcher" daemon [_thread_blocked, id=2340, stack(0x0000006a41300000,0x0000006a41400000)]
  0x0000021beeca2800 JavaThread "Attach Listener" daemon [_thread_blocked, id=12804, stack(0x0000006a41400000,0x0000006a41500000)]
  0x0000021bee346000 JavaThread "C2 CompilerThread0" daemon [_thread_in_native, id=1592, stack(0x0000006a41500000,0x0000006a41600000)]
  0x0000021beec5c800 JavaThread "C1 CompilerThread0" daemon [_thread_blocked, id=3744, stack(0x0000006a41600000,0x0000006a41700000)]
  0x0000021beecf4000 JavaThread "Sweeper thread" daemon [_thread_blocked, id=7176, stack(0x0000006a41700000,0x0000006a41800000)]
  0x0000021bee2b7800 JavaThread "Common-Cleaner" daemon [_thread_blocked, id=12144, stack(0x0000006a41800000,0x0000006a41900000)]
  0x0000021bef4a4800 JavaThread "Monitor Ctrl-Break" daemon [_thread_in_native, id=12020, stack(0x0000006a41b00000,0x0000006a41c00000)]
  0x0000021bef4f6000 JavaThread "Service Thread" daemon [_thread_blocked, id=1852, stack(0x0000006a41c00000,0x0000006a41d00000)]
  0x0000021beffce800 JavaThread "rpc-boss-3-1" daemon [_thread_in_native, id=12056, stack(0x0000006a41e00000,0x0000006a41f00000)]
  0x0000021bf2bb5800 JavaThread "dispatcher-event-loop-0" daemon [_thread_blocked, id=8728, stack(0x0000006a41f00000,0x0000006a42000000)]
  0x0000021bf0e69800 JavaThread "dispatcher-event-loop-1" daemon [_thread_blocked, id=784, stack(0x0000006a42000000,0x0000006a42100000)]
  0x0000021bf17bd800 JavaThread "map-output-dispatcher-0" daemon [_thread_blocked, id=9436, stack(0x0000006a42100000,0x0000006a42200000)]
  0x0000021bf2a37000 JavaThread "map-output-dispatcher-1" daemon [_thread_blocked, id=8508, stack(0x0000006a42200000,0x0000006a42300000)]
  0x0000021bf2a38000 JavaThread "map-output-dispatcher-2" daemon [_thread_blocked, id=12808, stack(0x0000006a42300000,0x0000006a42400000)]
  0x0000021bf0401800 JavaThread "map-output-dispatcher-3" daemon [_thread_blocked, id=13800, stack(0x0000006a42400000,0x0000006a42500000)]
  0x0000021bf0402800 JavaThread "map-output-dispatcher-4" daemon [_thread_blocked, id=8372, stack(0x0000006a42500000,0x0000006a42600000)]
  0x0000021bf17a1000 JavaThread "map-output-dispatcher-5" daemon [_thread_blocked, id=6828, stack(0x0000006a42600000,0x0000006a42700000)]
  0x0000021befc77800 JavaThread "map-output-dispatcher-6" daemon [_thread_blocked, id=5604, stack(0x0000006a42700000,0x0000006a42800000)]
  0x0000021befc79800 JavaThread "map-output-dispatcher-7" daemon [_thread_blocked, id=7472, stack(0x0000006a42800000,0x0000006a42900000)]
  0x0000021befc7b000 JavaThread "dispatcher-BlockManagerMaster" daemon [_thread_blocked, id=12352, stack(0x0000006a42900000,0x0000006a42a00000)]
  0x0000021befc7a000 JavaThread "dispatcher-BlockManagerEndpoint1" daemon [_thread_blocked, id=12132, stack(0x0000006a42a00000,0x0000006a42b00000)]
  0x0000021befc7c000 JavaThread "RemoteBlock-temp-file-clean-thread" daemon [_thread_blocked, id=9992, stack(0x0000006a42b00000,0x0000006a42c00000)]
  0x0000021befc7e800 JavaThread "SparkUI-30" daemon [_thread_in_native, id=9116, stack(0x0000006a42c00000,0x0000006a42d00000)]
  0x0000021befc7d800 JavaThread "SparkUI-31" daemon [_thread_in_native, id=3988, stack(0x0000006a42d00000,0x0000006a42e00000)]
  0x0000021befc7c800 JavaThread "SparkUI-32" daemon [_thread_blocked, id=13788, stack(0x0000006a42e00000,0x0000006a42f00000)]
  0x0000021befc78800 JavaThread "SparkUI-33" daemon [_thread_blocked, id=6048, stack(0x0000006a42f00000,0x0000006a43000000)]
  0x0000021bf027e800 JavaThread "SparkUI-34" daemon [_thread_blocked, id=13480, stack(0x0000006a43000000,0x0000006a43100000)]
  0x0000021bf027e000 JavaThread "SparkUI-35" daemon [_thread_blocked, id=7496, stack(0x0000006a43100000,0x0000006a43200000)]
  0x0000021bf0282000 JavaThread "SparkUI-36-acceptor-0@1e141e42-ServerConnector@7f5eae0f{HTTP/1.1,[http/1.1]}{0.0.0.0:4040}" daemon [_thread_in_native, id=2888, stack(0x0000006a43200000,0x0000006a43300000)]
  0x0000021bf027d000 JavaThread "SparkUI-37" daemon [_thread_blocked, id=1172, stack(0x0000006a43300000,0x0000006a43400000)]
  0x0000021bf027c800 JavaThread "heartbeat-receiver-event-loop-thread" daemon [_thread_blocked, id=1200, stack(0x0000006a43500000,0x0000006a43600000)]
  0x0000021bf0281000 JavaThread "Timer-0" daemon [_thread_blocked, id=13300, stack(0x0000006a43600000,0x0000006a43700000)]
  0x0000021bf0280800 JavaThread "Timer-1" daemon [_thread_blocked, id=14204, stack(0x0000006a43700000,0x0000006a43800000)]
  0x0000021bf0283000 JavaThread "netty-rpc-env-timeout" daemon [_thread_blocked, id=7140, stack(0x0000006a43400000,0x0000006a43500000)]
  0x0000021bf027f800 JavaThread "dag-scheduler-event-loop" daemon [_thread_blocked, id=12680, stack(0x0000006a43800000,0x0000006a43900000)]
  0x0000021bf069e800 JavaThread "driver-heartbeater" daemon [_thread_blocked, id=10592, stack(0x0000006a43a00000,0x0000006a43b00000)]
  0x0000021bf069d800 JavaThread "executor-heartbeater" daemon [_thread_blocked, id=9212, stack(0x0000006a43b00000,0x0000006a43c00000)]
  0x0000021bf06a0000 JavaThread "shuffle-boss-6-1" daemon [_thread_in_native, id=4812, stack(0x0000006a43c00000,0x0000006a43d00000)]
  0x0000021bf069a000 JavaThread "Spark Context Cleaner" daemon [_thread_blocked, id=8100, stack(0x0000006a43d00000,0x0000006a43e00000)]
  0x0000021bf069f000 JavaThread "context-cleaner-periodic-gc" daemon [_thread_blocked, id=12072, stack(0x0000006a43e00000,0x0000006a43f00000)]
  0x0000021bf06a1000 JavaThread "spark-listener-group-appStatus" daemon [_thread_blocked, id=13536, stack(0x0000006a43f00000,0x0000006a44000000)]
  0x0000021bf069b000 JavaThread "spark-listener-group-executorManagement" daemon [_thread_blocked, id=6940, stack(0x0000006a44000000,0x0000006a44100000)]
  0x0000021bf06a1800 JavaThread "element-tracking-store-worker" daemon [_thread_blocked, id=7380, stack(0x0000006a44100000,0x0000006a44200000)]
  0x0000021bf069c800 JavaThread "spark-listener-group-shared" daemon [_thread_blocked, id=4828, stack(0x0000006a44200000,0x0000006a44300000)]
  0x0000021bf06a3000 JavaThread "org.apache.hadoop.fs.FileSystem$Statistics$StatisticsDataReferenceCleaner" daemon [_thread_blocked, id=12772, stack(0x0000006a43900000,0x0000006a43a00000)]
=>0x0000021bf5108800 JavaThread "C2 CompilerThread1" daemon [_thread_in_native, id=9500, stack(0x0000006a44300000,0x0000006a44400000)]
  0x0000021bf06a4000 JavaThread "Executor task launch worker for task 0" daemon [_thread_blocked, id=11352, stack(0x0000006a44400000,0x0000006a44500000)]
  0x0000021bf06a7800 JavaThread "task-result-getter-0" daemon [_thread_blocked, id=4868, stack(0x0000006a44500000,0x0000006a44600000)]

Other Threads:
  0x0000021bee324000 VMThread "VM Thread" [stack: 0x0000006a41000000,0x0000006a41100000] [id=5336]
  0x0000021bef950800 WatcherThread [stack: 0x0000006a41d00000,0x0000006a41e00000] [id=13876]
  0x0000021bcffca000 GCTaskThread "GC Thread#0" [stack: 0x0000006a40b00000,0x0000006a40c00000] [id=4688]
  0x0000021bef28b000 GCTaskThread "GC Thread#1" [stack: 0x0000006a41900000,0x0000006a41a00000] [id=5392]
  0x0000021bef45e800 GCTaskThread "GC Thread#2" [stack: 0x0000006a41a00000,0x0000006a41b00000] [id=3848]
  0x0000021bcfff8800 ConcurrentGCThread "G1 Main Marker" [stack: 0x0000006a40c00000,0x0000006a40d00000] [id=2528]
  0x0000021bcfffa000 ConcurrentGCThread "G1 Conc#0" [stack: 0x0000006a40d00000,0x0000006a40e00000] [id=3180]
  0x0000021bee16a800 ConcurrentGCThread "G1 Refine#0" [stack: 0x0000006a40e00000,0x0000006a40f00000] [id=10872]
  0x0000021bd006e000 ConcurrentGCThread "G1 Young RemSet Sampling" [stack: 0x0000006a40f00000,0x0000006a41000000] [id=13032]

Threads with active compile tasks:
C2 CompilerThread06635       4       jdk.internal.loader.BuiltinClassLoader::defineClass (121 bytes)
C2 CompilerThread16748       4       org.apache.xbean.asm7.ClassReader::readCode (5089 bytes)

VM state:not at safepoint (normal execution)

VM Mutex/Monitor currently owned by a thread: None

Heap address: 0x0000000081600000, size: 2026 MB, Compressed Oops mode: 32-bit
Narrow klass base: 0x0000000000000000, Narrow klass shift: 3
Compressed class space size: 1073741824 Address: 0x0000000100000000

Heap:
 garbage-first heap   total 157696K, used 87211K [0x0000000081600000, 0x0000000100000000)
  region size 1024K, 58 young (59392K), 8 survivors (8192K)
 Metaspace       used 100980K, capacity 105378K, committed 105624K, reserved 1138688K
  class space    used 14420K, capacity 16684K, committed 16792K, reserved 1048576K
Heap Regions: E=young(eden), S=young(survivor), O=old, HS=humongous(starts), HC=humongous(continues), CS=collection set, F=free, A=archive, TAMS=top-at-mark-start (previous, next)
|   0|0x0000000081600000, 0x0000000081700000, 0x0000000081700000|100%|HS|  |TAMS 0x0000000081700000, 0x0000000081600000| Complete 
|   1|0x0000000081700000, 0x0000000081800000, 0x0000000081800000|100%| O|  |TAMS 0x0000000081800000, 0x0000000081700000| Untracked 
|   2|0x0000000081800000, 0x0000000081900000, 0x0000000081900000|100%| O|  |TAMS 0x0000000081900000, 0x0000000081800000| Untracked 
|   3|0x0000000081900000, 0x0000000081a00000, 0x0000000081a00000|100%| O|  |TAMS 0x0000000081a00000, 0x0000000081900000| Untracked 
|   4|0x0000000081a00000, 0x0000000081b00000, 0x0000000081b00000|100%| O|  |TAMS 0x0000000081b00000, 0x0000000081a00000| Untracked 
|   5|0x0000000081b00000, 0x0000000081c00000, 0x0000000081c00000|100%| O|  |TAMS 0x0000000081c00000, 0x0000000081b00000| Untracked 
|   6|0x0000000081c00000, 0x0000000081d00000, 0x0000000081d00000|100%| O|  |TAMS 0x0000000081d00000, 0x0000000081c00000| Untracked 
|   7|0x0000000081d00000, 0x0000000081e00000, 0x0000000081e00000|100%| O|  |TAMS 0x0000000081e00000, 0x0000000081d00000| Untracked 
|   8|0x0000000081e00000, 0x0000000081f00000, 0x0000000081f00000|100%| O|  |TAMS 0x0000000081f00000, 0x0000000081e00000| Untracked 
|   9|0x0000000081f00000, 0x0000000082000000, 0x0000000082000000|100%| O|  |TAMS 0x0000000082000000, 0x0000000081f00000| Untracked 
|  10|0x0000000082000000, 0x0000000082100000, 0x0000000082100000|100%| O|  |TAMS 0x0000000082100000, 0x0000000082000000| Untracked 
|  11|0x0000000082100000, 0x0000000082200000, 0x0000000082200000|100%| O|  |TAMS 0x0000000082200000, 0x0000000082100000| Untracked 
|  12|0x0000000082200000, 0x0000000082300000, 0x0000000082300000|100%| O|  |TAMS 0x0000000082300000, 0x0000000082200000| Untracked 
|  13|0x0000000082300000, 0x0000000082400000, 0x0000000082400000|100%| O|  |TAMS 0x0000000082400000, 0x0000000082300000| Untracked 
|  14|0x0000000082400000, 0x0000000082500000, 0x0000000082500000|100%| O|  |TAMS 0x0000000082500000, 0x0000000082400000| Untracked 
|  15|0x0000000082500000, 0x0000000082600000, 0x0000000082600000|100%| O|  |TAMS 0x0000000082600000, 0x0000000082500000| Untracked 
|  16|0x0000000082600000, 0x0000000082700000, 0x0000000082700000|100%| O|  |TAMS 0x0000000082700000, 0x0000000082600000| Untracked 
|  17|0x0000000082700000, 0x0000000082800000, 0x0000000082800000|100%| O|  |TAMS 0x0000000082800000, 0x0000000082700000| Untracked 
|  18|0x0000000082800000, 0x0000000082900000, 0x0000000082900000|100%| O|  |TAMS 0x0000000082900000, 0x0000000082800000| Untracked 
|  19|0x0000000082900000, 0x0000000082a00000, 0x0000000082a00000|100%| O|  |TAMS 0x0000000082a00000, 0x0000000082900000| Untracked 
|  20|0x0000000082a00000, 0x0000000082b00000, 0x0000000082b00000|100%|HS|  |TAMS 0x0000000082a00000, 0x0000000082a00000| Complete 
|  21|0x0000000082b00000, 0x0000000082c00000, 0x0000000082c00000|100%|HC|  |TAMS 0x0000000082b00000, 0x0000000082b00000| Complete 
|  22|0x0000000082c00000, 0x0000000082d00000, 0x0000000082d00000|100%|HC|  |TAMS 0x0000000082c00000, 0x0000000082c00000| Complete 
|  23|0x0000000082d00000, 0x0000000082e00000, 0x0000000082e00000|100%|HC|  |TAMS 0x0000000082d00000, 0x0000000082d00000| Complete 
|  24|0x0000000082e00000, 0x0000000082f00000, 0x0000000082f00000|100%|HC|  |TAMS 0x0000000082e00000, 0x0000000082e00000| Complete 
|  25|0x0000000082f00000, 0x0000000083000000, 0x0000000083000000|100%| O|  |TAMS 0x0000000083000000, 0x0000000082f00000| Untracked 
|  26|0x0000000083000000, 0x0000000083100000, 0x0000000083100000|100%| O|  |TAMS 0x0000000083100000, 0x0000000083000000| Untracked 
|  27|0x0000000083100000, 0x0000000083200000, 0x0000000083200000|100%| O|  |TAMS 0x0000000083200000, 0x0000000083100000| Untracked 
|  28|0x0000000083200000, 0x0000000083300000, 0x0000000083300000|100%| O|  |TAMS 0x0000000083300000, 0x0000000083200000| Untracked 
|  29|0x0000000083300000, 0x00000000833b5600, 0x0000000083400000| 70%| O|  |TAMS 0x00000000833b5600, 0x0000000083300000| Untracked 
|  30|0x0000000083400000, 0x0000000083400000, 0x0000000083500000|  0%| F|  |TAMS 0x0000000083400000, 0x0000000083400000| Untracked 
|  31|0x0000000083500000, 0x0000000083500000, 0x0000000083600000|  0%| F|  |TAMS 0x0000000083500000, 0x0000000083500000| Untracked 
|  32|0x0000000083600000, 0x0000000083600000, 0x0000000083700000|  0%| F|  |TAMS 0x0000000083600000, 0x0000000083600000| Untracked 
|  33|0x0000000083700000, 0x0000000083700000, 0x0000000083800000|  0%| F|  |TAMS 0x0000000083700000, 0x0000000083700000| Untracked 
|  34|0x0000000083800000, 0x0000000083800000, 0x0000000083900000|  0%| F|  |TAMS 0x0000000083800000, 0x0000000083800000| Untracked 
|  35|0x0000000083900000, 0x0000000083900000, 0x0000000083a00000|  0%| F|  |TAMS 0x0000000083900000, 0x0000000083900000| Untracked 
|  36|0x0000000083a00000, 0x0000000083a00000, 0x0000000083b00000|  0%| F|  |TAMS 0x0000000083a00000, 0x0000000083a00000| Untracked 
|  37|0x0000000083b00000, 0x0000000083b00000, 0x0000000083c00000|  0%| F|  |TAMS 0x0000000083b00000, 0x0000000083b00000| Untracked 
|  38|0x0000000083c00000, 0x0000000083c00000, 0x0000000083d00000|  0%| F|  |TAMS 0x0000000083c00000, 0x0000000083c00000| Untracked 
|  39|0x0000000083d00000, 0x0000000083d00000, 0x0000000083e00000|  0%| F|  |TAMS 0x0000000083d00000, 0x0000000083d00000| Untracked 
|  40|0x0000000083e00000, 0x0000000083e00000, 0x0000000083f00000|  0%| F|  |TAMS 0x0000000083e00000, 0x0000000083e00000| Untracked 
|  41|0x0000000083f00000, 0x0000000083f00000, 0x0000000084000000|  0%| F|  |TAMS 0x0000000083f00000, 0x0000000083f00000| Untracked 
|  42|0x0000000084000000, 0x0000000084000000, 0x0000000084100000|  0%| F|  |TAMS 0x0000000084000000, 0x0000000084000000| Untracked 
|  43|0x0000000084100000, 0x0000000084100000, 0x0000000084200000|  0%| F|  |TAMS 0x0000000084100000, 0x0000000084100000| Untracked 
|  44|0x0000000084200000, 0x0000000084200000, 0x0000000084300000|  0%| F|  |TAMS 0x0000000084200000, 0x0000000084200000| Untracked 
|  45|0x0000000084300000, 0x0000000084300000, 0x0000000084400000|  0%| F|  |TAMS 0x0000000084300000, 0x0000000084300000| Untracked 
|  46|0x0000000084400000, 0x0000000084400000, 0x0000000084500000|  0%| F|  |TAMS 0x0000000084400000, 0x0000000084400000| Untracked 
|  47|0x0000000084500000, 0x0000000084500000, 0x0000000084600000|  0%| F|  |TAMS 0x0000000084500000, 0x0000000084500000| Untracked 
|  48|0x0000000084600000, 0x0000000084600000, 0x0000000084700000|  0%| F|  |TAMS 0x0000000084600000, 0x0000000084600000| Untracked 
|  49|0x0000000084700000, 0x0000000084700000, 0x0000000084800000|  0%| F|  |TAMS 0x0000000084700000, 0x0000000084700000| Untracked 
|  50|0x0000000084800000, 0x0000000084800000, 0x0000000084900000|  0%| F|  |TAMS 0x0000000084800000, 0x0000000084800000| Untracked 
|  51|0x0000000084900000, 0x0000000084900000, 0x0000000084a00000|  0%| F|  |TAMS 0x0000000084900000, 0x0000000084900000| Untracked 
|  52|0x0000000084a00000, 0x0000000084a00000, 0x0000000084b00000|  0%| F|  |TAMS 0x0000000084a00000, 0x0000000084a00000| Untracked 
|  53|0x0000000084b00000, 0x0000000084b00000, 0x0000000084c00000|  0%| F|  |TAMS 0x0000000084b00000, 0x0000000084b00000| Untracked 
|  54|0x0000000084c00000, 0x0000000084c00000, 0x0000000084d00000|  0%| F|  |TAMS 0x0000000084c00000, 0x0000000084c00000| Untracked 
|  55|0x0000000084d00000, 0x0000000084d00000, 0x0000000084e00000|  0%| F|  |TAMS 0x0000000084d00000, 0x0000000084d00000| Untracked 
|  56|0x0000000084e00000, 0x0000000084e00000, 0x0000000084f00000|  0%| F|  |TAMS 0x0000000084e00000, 0x0000000084e00000| Untracked 
|  57|0x0000000084f00000, 0x0000000084f00000, 0x0000000085000000|  0%| F|  |TAMS 0x0000000084f00000, 0x0000000084f00000| Untracked 
|  58|0x0000000085000000, 0x0000000085000000, 0x0000000085100000|  0%| F|  |TAMS 0x0000000085000000, 0x0000000085000000| Untracked 
|  59|0x0000000085100000, 0x0000000085100000, 0x0000000085200000|  0%| F|  |TAMS 0x0000000085100000, 0x0000000085100000| Untracked 
|  60|0x0000000085200000, 0x0000000085200000, 0x0000000085300000|  0%| F|  |TAMS 0x0000000085200000, 0x0000000085200000| Untracked 
|  61|0x0000000085300000, 0x0000000085300000, 0x0000000085400000|  0%| F|  |TAMS 0x0000000085300000, 0x0000000085300000| Untracked 
|  62|0x0000000085400000, 0x0000000085400000, 0x0000000085500000|  0%| F|  |TAMS 0x0000000085400000, 0x0000000085400000| Untracked 
|  63|0x0000000085500000, 0x0000000085500000, 0x0000000085600000|  0%| F|  |TAMS 0x0000000085500000, 0x0000000085500000| Untracked 
|  64|0x0000000085600000, 0x0000000085600000, 0x0000000085700000|  0%| F|  |TAMS 0x0000000085600000, 0x0000000085600000| Untracked 
|  65|0x0000000085700000, 0x0000000085700000, 0x0000000085800000|  0%| F|  |TAMS 0x0000000085700000, 0x0000000085700000| Untracked 
|  66|0x0000000085800000, 0x0000000085800000, 0x0000000085900000|  0%| F|  |TAMS 0x0000000085800000, 0x0000000085800000| Untracked 
|  67|0x0000000085900000, 0x0000000085900000, 0x0000000085a00000|  0%| F|  |TAMS 0x0000000085900000, 0x0000000085900000| Untracked 
|  68|0x0000000085a00000, 0x0000000085a00000, 0x0000000085b00000|  0%| F|  |TAMS 0x0000000085a00000, 0x0000000085a00000| Untracked 
|  69|0x0000000085b00000, 0x0000000085b00000, 0x0000000085c00000|  0%| F|  |TAMS 0x0000000085b00000, 0x0000000085b00000| Untracked 
|  70|0x0000000085c00000, 0x0000000085c00000, 0x0000000085d00000|  0%| F|  |TAMS 0x0000000085c00000, 0x0000000085c00000| Untracked 
|  71|0x0000000085d00000, 0x0000000085d00000, 0x0000000085e00000|  0%| F|  |TAMS 0x0000000085d00000, 0x0000000085d00000| Untracked 
|  72|0x0000000085e00000, 0x0000000085e00000, 0x0000000085f00000|  0%| F|  |TAMS 0x0000000085e00000, 0x0000000085e00000| Untracked 
|  73|0x0000000085f00000, 0x0000000085f00000, 0x0000000086000000|  0%| F|  |TAMS 0x0000000085f00000, 0x0000000085f00000| Untracked 
|  74|0x0000000086000000, 0x0000000086000000, 0x0000000086100000|  0%| F|  |TAMS 0x0000000086000000, 0x0000000086000000| Untracked 
|  75|0x0000000086100000, 0x0000000086100000, 0x0000000086200000|  0%| F|  |TAMS 0x0000000086100000, 0x0000000086100000| Untracked 
|  76|0x0000000086200000, 0x0000000086200000, 0x0000000086300000|  0%| F|  |TAMS 0x0000000086200000, 0x0000000086200000| Untracked 
|  77|0x0000000086300000, 0x0000000086300000, 0x0000000086400000|  0%| F|  |TAMS 0x0000000086300000, 0x0000000086300000| Untracked 
|  78|0x0000000086400000, 0x0000000086400000, 0x0000000086500000|  0%| F|  |TAMS 0x0000000086400000, 0x0000000086400000| Untracked 
|  79|0x0000000086500000, 0x0000000086500000, 0x0000000086600000|  0%| F|  |TAMS 0x0000000086500000, 0x0000000086500000| Untracked 
|  80|0x0000000086600000, 0x0000000086600000, 0x0000000086700000|  0%| F|  |TAMS 0x0000000086600000, 0x0000000086600000| Untracked 
|  81|0x0000000086700000, 0x0000000086700000, 0x0000000086800000|  0%| F|  |TAMS 0x0000000086700000, 0x0000000086700000| Untracked 
|  82|0x0000000086800000, 0x0000000086800000, 0x0000000086900000|  0%| F|  |TAMS 0x0000000086800000, 0x0000000086800000| Untracked 
|  83|0x0000000086900000, 0x0000000086900000, 0x0000000086a00000|  0%| F|  |TAMS 0x0000000086900000, 0x0000000086900000| Untracked 
|  84|0x0000000086a00000, 0x0000000086a00000, 0x0000000086b00000|  0%| F|  |TAMS 0x0000000086a00000, 0x0000000086a00000| Untracked 
|  85|0x0000000086b00000, 0x0000000086b00000, 0x0000000086c00000|  0%| F|  |TAMS 0x0000000086b00000, 0x0000000086b00000| Untracked 
|  86|0x0000000086c00000, 0x0000000086c00000, 0x0000000086d00000|  0%| F|  |TAMS 0x0000000086c00000, 0x0000000086c00000| Untracked 
|  87|0x0000000086d00000, 0x0000000086d00000, 0x0000000086e00000|  0%| F|  |TAMS 0x0000000086d00000, 0x0000000086d00000| Untracked 
|  88|0x0000000086e00000, 0x0000000086e00000, 0x0000000086f00000|  0%| F|  |TAMS 0x0000000086e00000, 0x0000000086e00000| Untracked 
|  89|0x0000000086f00000, 0x0000000086f00000, 0x0000000087000000|  0%| F|  |TAMS 0x0000000086f00000, 0x0000000086f00000| Untracked 
|  90|0x0000000087000000, 0x0000000087000000, 0x0000000087100000|  0%| F|  |TAMS 0x0000000087000000, 0x0000000087000000| Untracked 
|  91|0x0000000087100000, 0x0000000087100000, 0x0000000087200000|  0%| F|  |TAMS 0x0000000087100000, 0x0000000087100000| Untracked 
|  92|0x0000000087200000, 0x0000000087200000, 0x0000000087300000|  0%| F|  |TAMS 0x0000000087200000, 0x0000000087200000| Untracked 
|  93|0x0000000087300000, 0x0000000087300000, 0x0000000087400000|  0%| F|  |TAMS 0x0000000087300000, 0x0000000087300000| Untracked 
|  94|0x0000000087400000, 0x0000000087400000, 0x0000000087500000|  0%| F|  |TAMS 0x0000000087400000, 0x0000000087400000| Untracked 
|  95|0x0000000087500000, 0x0000000087500000, 0x0000000087600000|  0%| F|  |TAMS 0x0000000087500000, 0x0000000087500000| Untracked 
|  96|0x0000000087600000, 0x0000000087700000, 0x0000000087700000|100%| E|  |TAMS 0x0000000087600000, 0x0000000087600000| Complete 
|  97|0x0000000087700000, 0x0000000087800000, 0x0000000087800000|100%| E|CS|TAMS 0x0000000087700000, 0x0000000087700000| Complete 
|  98|0x0000000087800000, 0x0000000087900000, 0x0000000087900000|100%| E|CS|TAMS 0x0000000087800000, 0x0000000087800000| Complete 
|  99|0x0000000087900000, 0x0000000087a00000, 0x0000000087a00000|100%| E|CS|TAMS 0x0000000087900000, 0x0000000087900000| Complete 
| 100|0x0000000087a00000, 0x0000000087b00000, 0x0000000087b00000|100%| E|CS|TAMS 0x0000000087a00000, 0x0000000087a00000| Complete 
| 101|0x0000000087b00000, 0x0000000087c00000, 0x0000000087c00000|100%| E|CS|TAMS 0x0000000087b00000, 0x0000000087b00000| Complete 
| 102|0x0000000087c00000, 0x0000000087d00000, 0x0000000087d00000|100%| E|CS|TAMS 0x0000000087c00000, 0x0000000087c00000| Complete 
| 103|0x0000000087d00000, 0x0000000087e00000, 0x0000000087e00000|100%| E|CS|TAMS 0x0000000087d00000, 0x0000000087d00000| Complete 
| 104|0x0000000087e00000, 0x0000000087f00000, 0x0000000087f00000|100%| E|CS|TAMS 0x0000000087e00000, 0x0000000087e00000| Complete 
| 105|0x0000000087f00000, 0x0000000088000000, 0x0000000088000000|100%| E|CS|TAMS 0x0000000087f00000, 0x0000000087f00000| Complete 
| 106|0x0000000088000000, 0x0000000088100000, 0x0000000088100000|100%| E|CS|TAMS 0x0000000088000000, 0x0000000088000000| Complete 
| 107|0x0000000088100000, 0x0000000088200000, 0x0000000088200000|100%| E|CS|TAMS 0x0000000088100000, 0x0000000088100000| Complete 
| 108|0x0000000088200000, 0x0000000088300000, 0x0000000088300000|100%| E|CS|TAMS 0x0000000088200000, 0x0000000088200000| Complete 
| 109|0x0000000088300000, 0x0000000088400000, 0x0000000088400000|100%| E|CS|TAMS 0x0000000088300000, 0x0000000088300000| Complete 
| 110|0x0000000088400000, 0x0000000088500000, 0x0000000088500000|100%| E|CS|TAMS 0x0000000088400000, 0x0000000088400000| Complete 
| 111|0x0000000088500000, 0x0000000088600000, 0x0000000088600000|100%| E|CS|TAMS 0x0000000088500000, 0x0000000088500000| Complete 
| 112|0x0000000088600000, 0x00000000886ffe18, 0x0000000088700000| 99%| E|  |TAMS 0x0000000088600000, 0x0000000088600000| Complete 
| 113|0x0000000088700000, 0x0000000088800000, 0x0000000088800000|100%| E|CS|TAMS 0x0000000088700000, 0x0000000088700000| Complete 
| 114|0x0000000088800000, 0x0000000088900000, 0x0000000088900000|100%| E|CS|TAMS 0x0000000088800000, 0x0000000088800000| Complete 
| 115|0x0000000088900000, 0x0000000088a00000, 0x0000000088a00000|100%| E|CS|TAMS 0x0000000088900000, 0x0000000088900000| Complete 
| 116|0x0000000088a00000, 0x0000000088b00000, 0x0000000088b00000|100%| E|CS|TAMS 0x0000000088a00000, 0x0000000088a00000| Complete 
| 117|0x0000000088b00000, 0x0000000088c00000, 0x0000000088c00000|100%| E|CS|TAMS 0x0000000088b00000, 0x0000000088b00000| Complete 
| 118|0x0000000088c00000, 0x0000000088d00000, 0x0000000088d00000|100%| E|CS|TAMS 0x0000000088c00000, 0x0000000088c00000| Complete 
| 119|0x0000000088d00000, 0x0000000088e00000, 0x0000000088e00000|100%| E|CS|TAMS 0x0000000088d00000, 0x0000000088d00000| Complete 
| 120|0x0000000088e00000, 0x0000000088f00000, 0x0000000088f00000|100%| E|CS|TAMS 0x0000000088e00000, 0x0000000088e00000| Complete 
| 121|0x0000000088f00000, 0x0000000089000000, 0x0000000089000000|100%| E|CS|TAMS 0x0000000088f00000, 0x0000000088f00000| Complete 
| 122|0x0000000089000000, 0x0000000089100000, 0x0000000089100000|100%| E|CS|TAMS 0x0000000089000000, 0x0000000089000000| Complete 
| 123|0x0000000089100000, 0x0000000089200000, 0x0000000089200000|100%| E|CS|TAMS 0x0000000089100000, 0x0000000089100000| Complete 
| 124|0x0000000089200000, 0x0000000089300000, 0x0000000089300000|100%| E|CS|TAMS 0x0000000089200000, 0x0000000089200000| Complete 
| 125|0x0000000089300000, 0x0000000089400000, 0x0000000089400000|100%| E|CS|TAMS 0x0000000089300000, 0x0000000089300000| Complete 
| 126|0x0000000089400000, 0x0000000089500000, 0x0000000089500000|100%| E|CS|TAMS 0x0000000089400000, 0x0000000089400000| Complete 
| 127|0x0000000089500000, 0x0000000089575918, 0x0000000089600000| 45%| S|CS|TAMS 0x0000000089500000, 0x0000000089500000| Complete 
| 128|0x0000000089600000, 0x0000000089700000, 0x0000000089700000|100%| S|CS|TAMS 0x0000000089600000, 0x0000000089600000| Complete 
| 129|0x0000000089700000, 0x0000000089800000, 0x0000000089800000|100%| S|CS|TAMS 0x0000000089700000, 0x0000000089700000| Complete 
| 130|0x0000000089800000, 0x0000000089900000, 0x0000000089900000|100%| S|CS|TAMS 0x0000000089800000, 0x0000000089800000| Complete 
| 131|0x0000000089900000, 0x0000000089a00000, 0x0000000089a00000|100%| S|CS|TAMS 0x0000000089900000, 0x0000000089900000| Complete 
| 132|0x0000000089a00000, 0x0000000089b00000, 0x0000000089b00000|100%| S|CS|TAMS 0x0000000089a00000, 0x0000000089a00000| Complete 
| 133|0x0000000089b00000, 0x0000000089c00000, 0x0000000089c00000|100%| S|CS|TAMS 0x0000000089b00000, 0x0000000089b00000| Complete 
| 134|0x0000000089c00000, 0x0000000089d00000, 0x0000000089d00000|100%| S|CS|TAMS 0x0000000089c00000, 0x0000000089c00000| Complete 
| 135|0x0000000089d00000, 0x0000000089e00000, 0x0000000089e00000|100%| E|CS|TAMS 0x0000000089d00000, 0x0000000089d00000| Complete 
| 136|0x0000000089e00000, 0x0000000089f00000, 0x0000000089f00000|100%| E|CS|TAMS 0x0000000089e00000, 0x0000000089e00000| Complete 
| 137|0x0000000089f00000, 0x000000008a000000, 0x000000008a000000|100%| E|CS|TAMS 0x0000000089f00000, 0x0000000089f00000| Complete 
| 138|0x000000008a000000, 0x000000008a100000, 0x000000008a100000|100%| E|CS|TAMS 0x000000008a000000, 0x000000008a000000| Complete 
| 139|0x000000008a100000, 0x000000008a200000, 0x000000008a200000|100%| E|CS|TAMS 0x000000008a100000, 0x000000008a100000| Complete 
| 140|0x000000008a200000, 0x000000008a300000, 0x000000008a300000|100%| E|CS|TAMS 0x000000008a200000, 0x000000008a200000| Complete 
| 141|0x000000008a300000, 0x000000008a400000, 0x000000008a400000|100%| E|CS|TAMS 0x000000008a300000, 0x000000008a300000| Complete 
| 142|0x000000008a400000, 0x000000008a500000, 0x000000008a500000|100%| E|CS|TAMS 0x000000008a400000, 0x000000008a400000| Complete 
| 143|0x000000008a500000, 0x000000008a600000, 0x000000008a600000|100%| E|CS|TAMS 0x000000008a500000, 0x000000008a500000| Complete 
| 144|0x000000008a600000, 0x000000008a700000, 0x000000008a700000|100%| E|CS|TAMS 0x000000008a600000, 0x000000008a600000| Complete 
| 145|0x000000008a700000, 0x000000008a800000, 0x000000008a800000|100%| E|CS|TAMS 0x000000008a700000, 0x000000008a700000| Complete 
| 146|0x000000008a800000, 0x000000008a900000, 0x000000008a900000|100%| E|CS|TAMS 0x000000008a800000, 0x000000008a800000| Complete 
| 147|0x000000008a900000, 0x000000008aa00000, 0x000000008aa00000|100%| E|CS|TAMS 0x000000008a900000, 0x000000008a900000| Complete 
| 148|0x000000008aa00000, 0x000000008ab00000, 0x000000008ab00000|100%| E|CS|TAMS 0x000000008aa00000, 0x000000008aa00000| Complete 
| 149|0x000000008ab00000, 0x000000008ac00000, 0x000000008ac00000|100%| E|CS|TAMS 0x000000008ab00000, 0x000000008ab00000| Complete 
| 150|0x000000008ac00000, 0x000000008ad00000, 0x000000008ad00000|100%| E|CS|TAMS 0x000000008ac00000, 0x000000008ac00000| Complete 
| 151|0x000000008ad00000, 0x000000008ae00000, 0x000000008ae00000|100%| E|CS|TAMS 0x000000008ad00000, 0x000000008ad00000| Complete 
| 152|0x000000008ae00000, 0x000000008af00000, 0x000000008af00000|100%| E|CS|TAMS 0x000000008ae00000, 0x000000008ae00000| Complete 
| 153|0x000000008af00000, 0x000000008b000000, 0x000000008b000000|100%| E|CS|TAMS 0x000000008af00000, 0x000000008af00000| Complete 

Card table byte_map: [0x0000021be76c0000,0x0000021be7ac0000] _byte_map_base: 0x0000021be72b5000

Marking Bits (Prev, Next): (CMBitMap*) 0x0000021bcffefe78, (CMBitMap*) 0x0000021bcffefeb0
 Prev Bits: [0x0000021be7ec0000, 0x0000021be9e68000)
 Next Bits: [0x0000021be9e70000, 0x0000021bebe18000)

Polling page: 0x0000021bcdeb0000

Metaspace:

Usage:
  Non-class:     86.68 MB capacity,    84.56 MB ( 98%) used,     1.58 MB (  2%) free+waste,   549.50 KB ( <1%) overhead. 
      Class:     16.32 MB capacity,    14.09 MB ( 86%) used,     1.93 MB ( 12%) free+waste,   304.94 KB (  2%) overhead. 
       Both:    103.00 MB capacity,    98.66 MB ( 96%) used,     3.51 MB (  3%) free+waste,   854.44 KB ( <1%) overhead. 

Virtual space:
  Non-class space:       88.00 MB reserved,      86.75 MB ( 99%) committed 
      Class space:        1.00 GB reserved,      16.40 MB (  2%) committed 
             Both:        1.09 GB reserved,     103.15 MB (  9%) committed 

Chunk freelists:
   Non-Class:  1.25 KB
       Class:  2.50 KB
        Both:  3.75 KB

CodeHeap 'non-profiled nmethods': size=120064Kb used=3892Kb max_used=3892Kb free=116172Kb
 bounds [0x0000021bdfd80000, 0x0000021be0150000, 0x0000021be72c0000]
CodeHeap 'profiled nmethods': size=120000Kb used=13892Kb max_used=13892Kb free=106107Kb
 bounds [0x0000021bd8850000, 0x0000021bd95f0000, 0x0000021bdfd80000]
CodeHeap 'non-nmethods': size=5696Kb used=1392Kb max_used=1419Kb free=4304Kb
 bounds [0x0000021bd82c0000, 0x0000021bd8530000, 0x0000021bd8850000]
 total_blobs=9277 nmethods=6814 adapters=735
 compilation: enabled
              stopped_count=0, restarted_count=0
 full_count=0

Compilation events (10 events):
Event: 22.813 Thread 0x0000021beec5c800 6820       3       org.antlr.v4.runtime.atn.ATNState::getNumberOfTransitions (10 bytes)
Event: 22.813 Thread 0x0000021beec5c800 nmethod 6820 0x0000021bd95dfd10 code [0x0000021bd95dfee0, 0x0000021bd95e0110]
Event: 22.813 Thread 0x0000021beec5c800 6821       3       org.antlr.v4.runtime.atn.ATNState::transition (14 bytes)
Event: 22.813 Thread 0x0000021beec5c800 nmethod 6821 0x0000021bd95e0210 code [0x0000021bd95e03e0, 0x0000021bd95e06f0]
Event: 22.818 Thread 0x0000021beec5c800 6822       3       org.antlr.v4.runtime.atn.ATNDeserializer::checkCondition (7 bytes)
Event: 22.818 Thread 0x0000021beec5c800 nmethod 6822 0x0000021bd95e0810 code [0x0000021bd95e09e0, 0x0000021bd95e0cb0]
Event: 22.818 Thread 0x0000021beec5c800 6823       3       org.antlr.v4.runtime.atn.ATNDeserializer::checkCondition (14 bytes)
Event: 22.819 Thread 0x0000021beec5c800 nmethod 6823 0x0000021bd95e0e10 code [0x0000021bd95e0fe0, 0x0000021bd95e1230]
Event: 22.819 Thread 0x0000021beec5c800 6824       1       org.antlr.v4.runtime.atn.ATNState::onlyHasEpsilonTransitions (5 bytes)
Event: 22.819 Thread 0x0000021beec5c800 nmethod 6824 0x0000021be014cc90 code [0x0000021be014ce40, 0x0000021be014cf58]

GC Heap History (10 events):
Event: 13.568 GC heap before
{Heap before GC invocations=9 (full 0):
 garbage-first heap   total 131072K, used 74650K [0x0000000081600000, 0x0000000100000000)
  region size 1024K, 59 young (60416K), 7 survivors (7168K)
 Metaspace       used 58538K, capacity 60082K, committed 60160K, reserved 1101824K
  class space    used 7622K, capacity 8430K, committed 8448K, reserved 1048576K
}
Event: 13.590 GC heap after
{Heap after GC invocations=10 (full 0):
 garbage-first heap   total 131072K, used 23689K [0x0000000081600000, 0x0000000100000000)
  region size 1024K, 7 young (7168K), 7 survivors (7168K)
 Metaspace       used 58538K, capacity 60082K, committed 60160K, reserved 1101824K
  class space    used 7622K, capacity 8430K, committed 8448K, reserved 1048576K
}
Event: 15.390 GC heap before
{Heap before GC invocations=11 (full 0):
 garbage-first heap   total 131072K, used 93321K [0x0000000081600000, 0x0000000100000000)
  region size 1024K, 76 young (77824K), 7 survivors (7168K)
 Metaspace       used 70226K, capacity 72225K, committed 72448K, reserved 1112064K
  class space    used 9214K, capacity 10238K, committed 10240K, reserved 1048576K
}
Event: 15.406 GC heap after
{Heap after GC invocations=12 (full 0):
 garbage-first heap   total 157696K, used 25519K [0x0000000081600000, 0x0000000100000000)
  region size 1024K, 6 young (6144K), 6 survivors (6144K)
 Metaspace       used 70226K, capacity 72225K, committed 72448K, reserved 1112064K
  class space    used 9214K, capacity 10238K, committed 10240K, reserved 1048576K
}
Event: 18.564 GC heap before
{Heap before GC invocations=12 (full 0):
 garbage-first heap   total 157696K, used 111535K [0x0000000081600000, 0x0000000100000000)
  region size 1024K, 90 young (92160K), 6 survivors (6144K)
 Metaspace       used 82394K, capacity 85079K, committed 85376K, reserved 1122304K
  class space    used 11184K, capacity 12587K, committed 12672K, reserved 1048576K
}
Event: 18.580 GC heap after
{Heap after GC invocations=13 (full 0):
 garbage-first heap   total 157696K, used 28884K [0x0000000081600000, 0x0000000100000000)
  region size 1024K, 9 young (9216K), 9 survivors (9216K)
 Metaspace       used 82394K, capacity 85079K, committed 85376K, reserved 1122304K
  class space    used 11184K, capacity 12587K, committed 12672K, reserved 1048576K
}
Event: 21.036 GC heap before
{Heap before GC invocations=13 (full 0):
 garbage-first heap   total 157696K, used 118996K [0x0000000081600000, 0x0000000100000000)
  region size 1024K, 92 young (94208K), 9 survivors (9216K)
 Metaspace       used 93815K, capacity 97205K, committed 97408K, reserved 1132544K
  class space    used 13099K, capacity 14888K, committed 14976K, reserved 1048576K
}
Event: 21.056 GC heap after
{Heap after GC invocations=14 (full 0):
 garbage-first heap   total 157696K, used 31657K [0x0000000081600000, 0x0000000100000000)
  region size 1024K, 8 young (8192K), 8 survivors (8192K)
 Metaspace       used 93815K, capacity 97205K, committed 97408K, reserved 1132544K
  class space    used 13099K, capacity 14888K, committed 14976K, reserved 1048576K
}
Event: 21.519 GC heap before
{Heap before GC invocations=14 (full 0):
 garbage-first heap   total 157696K, used 54185K [0x0000000081600000, 0x0000000100000000)
  region size 1024K, 27 young (27648K), 8 survivors (8192K)
 Metaspace       used 96887K, capacity 100678K, committed 100696K, reserved 1134592K
  class space    used 13616K, capacity 15603K, committed 15616K, reserved 1048576K
}
Event: 21.536 GC heap after
{Heap after GC invocations=15 (full 0):
 garbage-first heap   total 157696K, used 32939K [0x0000000081600000, 0x0000000100000000)
  region size 1024K, 8 young (8192K), 8 survivors (8192K)
 Metaspace       used 96887K, capacity 100678K, committed 100696K, reserved 1134592K
  class space    used 13616K, capacity 15603K, committed 15616K, reserved 1048576K
}

Deoptimization events (10 events):
Event: 22.198 Thread 0x0000021bf06a1800 Uncommon trap: reason=bimorphic_or_optimized_type_check action=maybe_recompile pc=0x0000021be00661f0 method=scala.collection.convert.Wrappers$JMapWrapperLike$$anon$5.next()Lscala/Tuple2; @ 4 c2
Event: 22.199 Thread 0x0000021bf06a1800 Uncommon trap: reason=bimorphic_or_optimized_type_check action=maybe_recompile pc=0x0000021be00661f0 method=scala.collection.convert.Wrappers$JMapWrapperLike$$anon$5.next()Lscala/Tuple2; @ 4 c2
Event: 22.208 Thread 0x0000021bf06a1800 Uncommon trap: reason=class_check action=maybe_recompile pc=0x0000021be00a6228 method=java.util.Formatter$FormatSpecifier.printInteger(Ljava/lang/Object;Ljava/util/Locale;)V @ 59 c2
Event: 22.209 Thread 0x0000021bf06a1800 Uncommon trap: reason=class_check action=maybe_recompile pc=0x0000021be00a6228 method=java.util.Formatter$FormatSpecifier.printInteger(Ljava/lang/Object;Ljava/util/Locale;)V @ 59 c2
Event: 22.426 Thread 0x0000021bcffb1000 Uncommon trap: reason=class_check action=maybe_recompile pc=0x0000021be00fad40 method=java.util.concurrent.ConcurrentHashMap.putVal(Ljava/lang/Object;Ljava/lang/Object;Z)Ljava/lang/Object; @ 159 c2
Event: 22.462 Thread 0x0000021bcffb1000 Uncommon trap: reason=class_check action=maybe_recompile pc=0x0000021be00fad40 method=java.util.concurrent.ConcurrentHashMap.putVal(Ljava/lang/Object;Ljava/lang/Object;Z)Ljava/lang/Object; @ 159 c2
Event: 22.754 Thread 0x0000021bcffb1000 Uncommon trap: reason=unstable_if action=reinterpret pc=0x0000021be00c7330 method=java.lang.AbstractStringBuilder.putStringAt(ILjava/lang/String;)V @ 8 c2
Event: 22.754 Thread 0x0000021bcffb1000 Uncommon trap: reason=unstable_if action=reinterpret pc=0x0000021bdfebb85c method=java.lang.AbstractStringBuilder.putStringAt(ILjava/lang/String;)V @ 8 c2
Event: 22.754 Thread 0x0000021bcffb1000 Uncommon trap: reason=unstable_if action=reinterpret pc=0x0000021bdfdaed70 method=java.lang.String.getBytes([BIB)V @ 5 c2
Event: 22.754 Thread 0x0000021bcffb1000 Uncommon trap: reason=unstable_if action=reinterpret pc=0x0000021bdfe0d7cc method=java.lang.StringBuilder.toString()Ljava/lang/String; @ 4 c2

Classes redefined (0 events):
No events

Internal exceptions (10 events):
Event: 22.099 Thread 0x0000021bf06a1000 Exception <a 'java/lang/NoSuchMethodError'{0x00000000894a4720}: java.lang.invoke.DirectMethodHandle$Holder.invokeSpecial(Ljava/lang/Object;Ljava/lang/Object;Ljava/lang/Object;IILjava/lang/Object;J)Ljava/lang/Object;> (0x00000000894a4720) thrown at [t:/wor
Event: 22.107 Thread 0x0000021bf06a1000 Exception <a 'java/lang/NoSuchMethodError'{0x0000000089317de0}: java.lang.invoke.DirectMethodHandle$Holder.invokeStatic(Ljava/lang/Object;Ljava/lang/Object;IJ)Ljava/lang/Object;> (0x0000000089317de0) thrown at [t:/workspace/open/src/hotspot/share/interpre
Event: 22.107 Thread 0x0000021bf06a1000 Exception <a 'java/lang/NoSuchMethodError'{0x000000008931b760}: java.lang.invoke.DirectMethodHandle$Holder.invokeSpecial(Ljava/lang/Object;Ljava/lang/Object;Ljava/lang/Object;IJ)Ljava/lang/Object;> (0x000000008931b760) thrown at [t:/workspace/open/src/hot
Event: 22.475 Thread 0x0000021bcffb1000 Exception <a 'java/lang/NoSuchMethodError'{0x00000000886419d0}: java.lang.invoke.DirectMethodHandle$Holder.invokeSpecial(Ljava/lang/Object;Ljava/lang/Object;Ljava/lang/Object;Ljava/lang/Object;IILjava/lang/Object;)Ljava/lang/Object;> (0x00000000886419d0) 
Event: 22.475 Thread 0x0000021bcffb1000 Exception <a 'java/lang/NoSuchMethodError'{0x0000000088644c48}: java.lang.invoke.Invokers$Holder.linkToTargetMethod(Ljava/lang/Object;Ljava/lang/Object;IILjava/lang/Object;Ljava/lang/Object;)Ljava/lang/Object;> (0x0000000088644c48) thrown at [t:/workspace
Event: 22.515 Thread 0x0000021bcffb1000 Exception <a 'java/lang/NoSuchMethodError'{0x0000000088460d20}: <clinit>> (0x0000000088460d20) thrown at [t:/workspace/open/src/hotspot/share/prims/jni.cpp, line 1364]
Event: 22.535 Thread 0x0000021bcffb1000 Exception <a 'java/lang/NoSuchMethodError'{0x000000008839c5f8}: <clinit>> (0x000000008839c5f8) thrown at [t:/workspace/open/src/hotspot/share/prims/jni.cpp, line 1364]
Event: 22.550 Thread 0x0000021bcffb1000 Exception <a 'java/lang/NoSuchMethodError'{0x000000008828e798}: <clinit>> (0x000000008828e798) thrown at [t:/workspace/open/src/hotspot/share/prims/jni.cpp, line 1364]
Event: 22.575 Thread 0x0000021bcffb1000 Exception <a 'java/lang/NoSuchMethodError'{0x0000000088112e80}: <clinit>> (0x0000000088112e80) thrown at [t:/workspace/open/src/hotspot/share/prims/jni.cpp, line 1364]
Event: 22.575 Thread 0x0000021bcffb1000 Exception <a 'java/lang/NoSuchMethodError'{0x00000000881193e8}: <clinit>> (0x00000000881193e8) thrown at [t:/workspace/open/src/hotspot/share/prims/jni.cpp, line 1364]

Events (10 events):
Event: 22.873 loading class org/apache/spark/sql/catalyst/parser/SqlBaseParser$SelectClauseContext
Event: 22.873 loading class org/apache/spark/sql/catalyst/parser/SqlBaseParser$SelectClauseContext done
Event: 22.874 loading class org/apache/spark/sql/catalyst/parser/SqlBaseParser$TransformClauseContext
Event: 22.874 loading class org/apache/spark/sql/catalyst/parser/SqlBaseParser$TransformClauseContext done
Event: 22.875 loading class org/apache/spark/sql/catalyst/parser/SqlBaseParser$SetClauseContext
Event: 22.875 loading class org/apache/spark/sql/catalyst/parser/SqlBaseParser$SetClauseContext done
Event: 22.877 loading class org/apache/spark/sql/catalyst/parser/SqlBaseParser$QueryTermDefaultContext
Event: 22.877 loading class org/apache/spark/sql/catalyst/parser/SqlBaseParser$QueryTermDefaultContext done
Event: 22.879 loading class org/apache/spark/sql/catalyst/parser/SqlBaseParser$StatementDefaultContext
Event: 22.879 loading class org/apache/spark/sql/catalyst/parser/SqlBaseParser$StatementDefaultContext done


Dynamic libraries:
0x00007ff727360000 - 0x00007ff7273a7000 	G:\Java\jdk-11\bin\java.exe
0x00007ffa30cf0000 - 0x00007ffa30ee5000 	C:\WINDOWS\SYSTEM32\ntdll.dll
0x00007ffa30350000 - 0x00007ffa3040e000 	C:\WINDOWS\System32\KERNEL32.DLL
0x00007ffa2e8a0000 - 0x00007ffa2eb68000 	C:\WINDOWS\System32\KERNELBASE.dll
0x00007ffa2fab0000 - 0x00007ffa2fb5e000 	C:\WINDOWS\System32\ADVAPI32.dll
0x00007ffa2fa10000 - 0x00007ffa2faae000 	C:\WINDOWS\System32\msvcrt.dll
0x00007ffa2ee40000 - 0x00007ffa2eedc000 	C:\WINDOWS\System32\sechost.dll
0x00007ffa2fff0000 - 0x00007ffa30115000 	C:\WINDOWS\System32\RPCRT4.dll
0x00007ffa30a10000 - 0x00007ffa30bb0000 	C:\WINDOWS\System32\USER32.dll
0x00007ffa2ec70000 - 0x00007ffa2ec92000 	C:\WINDOWS\System32\win32u.dll
0x00007ffa2f8a0000 - 0x00007ffa2f8cb000 	C:\WINDOWS\System32\GDI32.dll
0x00007ffa2e600000 - 0x00007ffa2e70d000 	C:\WINDOWS\System32\gdi32full.dll
0x00007ffa2eca0000 - 0x00007ffa2ed3d000 	C:\WINDOWS\System32\msvcp_win.dll
0x00007ffa2eb70000 - 0x00007ffa2ec70000 	C:\WINDOWS\System32\ucrtbase.dll
0x00007ffa19680000 - 0x00007ffa1991a000 	C:\WINDOWS\WinSxS\amd64_microsoft.windows.common-controls_6595b64144ccf1df_6.0.19041.1110_none_60b5254171f9507e\COMCTL32.dll
0x00007ffa2bb40000 - 0x00007ffa2bb4a000 	C:\WINDOWS\SYSTEM32\VERSION.dll
0x00007ffa2ed50000 - 0x00007ffa2ed80000 	C:\WINDOWS\System32\IMM32.DLL
0x00007ffa2b830000 - 0x00007ffa2b846000 	G:\Java\jdk-11\bin\vcruntime140.dll
0x00007ffa26410000 - 0x00007ffa264ba000 	G:\Java\jdk-11\bin\msvcp140.dll
0x00007ff9d5e40000 - 0x00007ff9d6982000 	G:\Java\jdk-11\bin\server\jvm.dll
0x00007ffa2ffe0000 - 0x00007ffa2ffe8000 	C:\WINDOWS\System32\PSAPI.DLL
0x00007ffa181b0000 - 0x00007ffa181b9000 	C:\WINDOWS\SYSTEM32\WSOCK32.dll
0x00007ffa2f8d0000 - 0x00007ffa2f93b000 	C:\WINDOWS\System32\WS2_32.dll
0x00007ffa23670000 - 0x00007ffa23697000 	C:\WINDOWS\SYSTEM32\WINMM.dll
0x00007ffa2cc70000 - 0x00007ffa2cc82000 	C:\WINDOWS\SYSTEM32\kernel.appcore.dll
0x00007ffa29950000 - 0x00007ffa29961000 	G:\Java\jdk-11\bin\verify.dll
0x00007ffa17f60000 - 0x00007ffa18144000 	C:\WINDOWS\SYSTEM32\DBGHELP.DLL
0x00007ffa17c70000 - 0x00007ffa17c9c000 	C:\WINDOWS\SYSTEM32\dbgcore.DLL
0x00007ffa2e4b0000 - 0x00007ffa2e532000 	C:\WINDOWS\System32\bcryptPrimitives.dll
0x00007ffa26780000 - 0x00007ffa267a9000 	G:\Java\jdk-11\bin\java.dll
0x00007ffa263c0000 - 0x00007ffa263ef000 	G:\Java\jdk-11\bin\instrument.dll
0x00007ffa285a0000 - 0x00007ffa285b6000 	G:\Java\jdk-11\bin\zip.dll
0x00007ffa2b7d0000 - 0x00007ffa2b7da000 	G:\Java\jdk-11\bin\jimage.dll
0x00007ffa2f020000 - 0x00007ffa2f764000 	C:\WINDOWS\System32\SHELL32.dll
0x00007ffa2c4d0000 - 0x00007ffa2cc64000 	C:\WINDOWS\SYSTEM32\windows.storage.dll
0x00007ffa2fc80000 - 0x00007ffa2ffd5000 	C:\WINDOWS\System32\combase.dll
0x00007ffa2dd80000 - 0x00007ffa2ddae000 	C:\WINDOWS\SYSTEM32\Wldp.dll
0x00007ffa30950000 - 0x00007ffa309fd000 	C:\WINDOWS\System32\SHCORE.dll
0x00007ffa30470000 - 0x00007ffa304c5000 	C:\WINDOWS\System32\shlwapi.dll
0x00007ffa2e340000 - 0x00007ffa2e35f000 	C:\WINDOWS\SYSTEM32\profapi.dll
0x00007ffa266a0000 - 0x00007ffa266b9000 	G:\Java\jdk-11\bin\net.dll
0x00007ffa2ba30000 - 0x00007ffa2bb3c000 	C:\WINDOWS\SYSTEM32\WINHTTP.dll
0x00007ffa2dae0000 - 0x00007ffa2db4a000 	C:\WINDOWS\system32\mswsock.dll
0x00007ffa263f0000 - 0x00007ffa26403000 	G:\Java\jdk-11\bin\nio.dll
0x00007ffa263a0000 - 0x00007ffa263ba000 	G:\ITI\intellji\community version\IntelliJ IDEA Community Edition 2021.3.2\bin\breakgen64.dll
0x00007ffa29c80000 - 0x00007ffa29c97000 	C:\WINDOWS\system32\napinsp.dll
0x00007ffa299c0000 - 0x00007ffa299db000 	C:\WINDOWS\system32\pnrpnsp.dll
0x00007ffa28d40000 - 0x00007ffa28d55000 	C:\WINDOWS\system32\wshbth.dll
0x00007ffa296f0000 - 0x00007ffa2970d000 	C:\WINDOWS\system32\NLAapi.dll
0x00007ffa2d7d0000 - 0x00007ffa2d80b000 	C:\WINDOWS\SYSTEM32\IPHLPAPI.DLL
0x00007ffa2d810000 - 0x00007ffa2d8db000 	C:\WINDOWS\SYSTEM32\DNSAPI.dll
0x00007ffa2ed40000 - 0x00007ffa2ed48000 	C:\WINDOWS\System32\NSI.dll
0x00007ffa299a0000 - 0x00007ffa299b2000 	C:\WINDOWS\System32\winrnr.dll
0x00007ffa227d0000 - 0x00007ffa227da000 	C:\Windows\System32\rasadhlp.dll
0x00007ffa23260000 - 0x00007ffa232df000 	C:\WINDOWS\System32\fwpuclnt.dll
0x00007ffa2e710000 - 0x00007ffa2e737000 	C:\WINDOWS\System32\bcrypt.dll
0x00007ffa29ca0000 - 0x00007ffa29ca9000 	G:\Java\jdk-11\bin\management.dll
0x00007ffa26a30000 - 0x00007ffa26a3c000 	G:\Java\jdk-11\bin\management_ext.dll
0x00007ffa26690000 - 0x00007ffa2669a000 	G:\Java\jdk-11\bin\w2k_lsa_auth.dll
0x00007ffa21730000 - 0x00007ffa2173c000 	C:\WINDOWS\SYSTEM32\Secur32.dll
0x00007ffa2e2c0000 - 0x00007ffa2e2f1000 	C:\WINDOWS\SYSTEM32\SSPICLI.DLL
0x00007ffa26390000 - 0x00007ffa26399000 	G:\Java\jdk-11\bin\jaas.dll
0x00007ffa2dce0000 - 0x00007ffa2dcf8000 	C:\WINDOWS\SYSTEM32\CRYPTSP.dll
0x00007ffa2d460000 - 0x00007ffa2d494000 	C:\WINDOWS\system32\rsaenh.dll
0x00007ffa2e300000 - 0x00007ffa2e32e000 	C:\WINDOWS\SYSTEM32\USERENV.dll
0x00007ffa2dcd0000 - 0x00007ffa2dcdc000 	C:\WINDOWS\SYSTEM32\CRYPTBASE.dll
0x00007ffa24980000 - 0x00007ffa24997000 	C:\WINDOWS\SYSTEM32\dhcpcsvc6.DLL
0x00007ffa24a60000 - 0x00007ffa24a7d000 	C:\WINDOWS\SYSTEM32\dhcpcsvc.DLL
0x0000000066f40000 - 0x0000000066fc3000 	C:\Users\a\AppData\Local\Temp\liblz4-java-2836790996570041448.so

dbghelp: loaded successfully - version: 4.0.5 - missing functions: none
symbol engine: initialized successfully - sym options: 0x614 - pdb path: .;G:\Java\jdk-11\bin;C:\WINDOWS\SYSTEM32;C:\WINDOWS\WinSxS\amd64_microsoft.windows.common-controls_6595b64144ccf1df_6.0.19041.1110_none_60b5254171f9507e;G:\Java\jdk-11\bin\server;G:\ITI\intellji\community version\IntelliJ IDEA Community Edition 2021.3.2\bin;C:\Users\a\AppData\Local\Temp

VM Arguments:
jvm_args: -javaagent:G:\ITI\intellji\community version\IntelliJ IDEA Community Edition 2021.3.2\lib\idea_rt.jar=58750:G:\ITI\intellji\community version\IntelliJ IDEA Community Edition 2021.3.2\bin -Dfile.encoding=UTF-8 
java_command: com.example.main.WuzzufJobsAnalysisApplication
java_class_path (initial): G:\ITI\Java UML\Try_project\wuzzuf-jobs-analysis-main\target\classes;C:\Users\a\.m2\repository\org\springframework\boot\spring-boot-starter\2.6.4\spring-boot-starter-2.6.4.jar;C:\Users\a\.m2\repository\org\springframework\boot\spring-boot\2.6.4\spring-boot-2.6.4.jar;C:\Users\a\.m2\repository\org\springframework\spring-context\5.3.16\spring-context-5.3.16.jar;C:\Users\a\.m2\repository\org\springframework\spring-aop\5.3.16\spring-aop-5.3.16.jar;C:\Users\a\.m2\repository\org\springframework\spring-expression\5.3.16\spring-expression-5.3.16.jar;C:\Users\a\.m2\repository\org\springframework\boot\spring-boot-autoconfigure\2.6.4\spring-boot-autoconfigure-2.6.4.jar;C:\Users\a\.m2\repository\org\springframework\boot\spring-boot-starter-logging\2.6.4\spring-boot-starter-logging-2.6.4.jar;C:\Users\a\.m2\repository\ch\qos\logback\logback-classic\1.2.10\logback-classic-1.2.10.jar;C:\Users\a\.m2\repository\ch\qos\logback\logback-core\1.2.10\logback-core-1.2.10.jar;C:\Users\a\.m2\repository\org\apache\logging\log4j\log4j-to-slf4j\2.17.1\log4j-to-slf4j-2.17.1.jar;C:\Users\a\.m2\repository\org\apache\logging\log4j\log4j-api\2.17.1\log4j-api-2.17.1.jar;C:\Users\a\.m2\repository\org\slf4j\jul-to-slf4j\1.7.36\jul-to-slf4j-1.7.36.jar;C:\Users\a\.m2\repository\jakarta\annotation\jakarta.annotation-api\1.3.5\jakarta.annotation-api-1.3.5.jar;C:\Users\a\.m2\repository\org\springframework\spring-core\5.3.16\spring-core-5.3.16.jar;C:\Users\a\.m2\repository\org\springframework\spring-jcl\5.3.16\spring-jcl-5.3.16.jar;C:\Users\a\.m2\repository\org\yaml\snakeyaml\1.29\snakeyaml-1.29.jar;C:\Users\a\.m2\repository\org\springframework\boot\spring-boot-devtools\2.6.4\spring-boot-devtools-2.6.4.jar;C:\Users\a\.m2\repository\org\slf4j\slf4j-api\1.7.36\slf4j-api-1.7.36.jar;C:\Users\a\.m2\repository\jakarta\xml\bind\jakarta.xml.bind-api\2.3.3\jakarta.xml.bind-api-2.3.3.jar;C:\Users\a\.m2\repository\jakarta\activation\jakarta.activation-api\1.2.2\jakarta.activation-api-1.2.2.j
Launcher Type: SUN_STANDARD

[Global flags]
     intx CICompilerCount                          = 3                                         {product} {ergonomic}
     uint ConcGCThreads                            = 1                                         {product} {ergonomic}
     uint G1ConcRefinementThreads                  = 4                                         {product} {ergonomic}
   size_t G1HeapRegionSize                         = 1048576                                   {product} {ergonomic}
    uintx GCDrainStackTargetSize                   = 64                                        {product} {ergonomic}
   size_t InitialHeapSize                          = 134217728                                 {product} {ergonomic}
   size_t MarkStackSize                            = 4194304                                   {product} {ergonomic}
   size_t MaxHeapSize                              = 2124414976                                {product} {ergonomic}
   size_t MaxNewSize                               = 1274019840                                {product} {ergonomic}
   size_t MinHeapDeltaBytes                        = 1048576                                   {product} {ergonomic}
    uintx NonNMethodCodeHeapSize                   = 5830092                                {pd product} {ergonomic}
    uintx NonProfiledCodeHeapSize                  = 122914074                              {pd product} {ergonomic}
    uintx ProfiledCodeHeapSize                     = 122914074                              {pd product} {ergonomic}
    uintx ReservedCodeCacheSize                    = 251658240                              {pd product} {ergonomic}
     bool SegmentedCodeCache                       = true                                      {product} {ergonomic}
     bool UseCompressedClassPointers               = true                                 {lp64_product} {ergonomic}
     bool UseCompressedOops                        = true                                 {lp64_product} {ergonomic}
     bool UseG1GC                                  = true                                      {product} {ergonomic}
     bool UseLargePagesIndividualAllocation        = false                                  {pd product} {ergonomic}

Logging:
Log output configuration:
 #0: stdout all=warning uptime,level,tags
 #1: stderr all=off uptime,level,tags

Environment Variables:
PATH=G:\Java\jdk-11\bin;C:\Program Files (x86)\Common Files\Oracle\Java\javapath;C:\WINDOWS\system32;C:\WINDOWS;C:\WINDOWS\System32\Wbem;C:\WINDOWS\System32\WindowsPowerShell\v1.0\;C:\WINDOWS\System32\OpenSSH\;C:\Program Files\dotnet\;C:\Users\a\AppData\Local\Programs\Python\Python36;C:\Users\a\Anaconda3\Scripts;C:\Users\a\Anaconda3\Library;C:\Users\a\Anaconda3\Library\bin;C:\Users\a\Anaconda3\Library\mingw-w64\bin;C:\Users\a\anaconda3\Scripts;C:\Program Files\Microsoft SQL Server\Client SDK\ODBC\170\Tools\Binn\;C:\Program Files (x86)\Microsoft SQL Server\150\Tools\Binn\;C:\Program Files\Microsoft SQL Server\150\Tools\Binn\;C:\Program Files\Microsoft SQL Server\150\DTS\Binn\;C:\Program Files (x86)\Microsoft SQL Server\150\DTS\Binn\;C:\Program Files (x86)\Microsoft SQL Server\110\Tools\Binn\ManagementStudio\;C:\Program Files (x86)\Microsoft SQL Server\110\Tools\Binn\;C:\Program Files (x86)\Microsoft Visual Studio 11.0\Common7\IDE\PrivateAssemblies\;C:\Program Files (x86)\Microsoft SQL Server\110\DTS\Binn\;C:\Program Files (x86)\Git\cmd;H:\c compiler\mingw64\bin;G:\ITI\Java UML\apache-maven-3.8.4\bin;C:\Users\a\AppData\Local\Programs\Python\Python37\Scripts\;C:\Users\a\AppData\Local\Programs\Python\Python37\;C:\Users\a\AppData\Local\Programs\Python\Python36\Scripts\;C:\Users\a\AppData\Local\Programs\Python\Python36\;C:\Users\a\AppData\Local\Microsoft\WindowsApps;C:\Program Files\Java\jdk1.8.0_261\bin;C:\Users\a\AppData\Local\Programs\Microsoft VS Code\bin;H:\c compiler\mingw64\bin;;G:\ITI\intellji\community version\IntelliJ IDEA Community Edition 2021.3.2\bin;
USERNAME=a
OS=Windows_NT
PROCESSOR_IDENTIFIER=Intel64 Family 6 Model 69 Stepping 1, GenuineIntel



---------------  S Y S T E M  ---------------

OS: Windows 10 , 64 bit Build 19041 (10.0.19041.1503)

CPU:total 4 (initial active 4) (2 cores per cpu, 2 threads per core) family 6 model 69 stepping 1, cmov, cx8, fxsr, mmx, sse, sse2, sse3, ssse3, sse4.1, sse4.2, popcnt, avx, avx2, aes, clmul, erms, lzcnt, ht, tsc, tscinvbit, bmi1, bmi2, fma

Memory: 4k page, system-wide physical 8097M (857M free)
TotalPageFile size 8097M (AvailPageFile size 6M)
current process WorkingSet (physical memory assigned to process): 371M, peak: 371M
current process commit charge ("private bytes"): 425M, peak: 425M

vm_info: Java HotSpot(TM) 64-Bit Server VM (11+28) for windows-amd64 JRE (11+28), built on Aug 23 2018 03:03:59 by "mach5one" with MS VC++ 15.5 (VS2017)

END.
